<?xml version="1.0" encoding="UTF-8"?>
<!-- Generated by org.testng.reporters.JUnitReportReporter -->
<testsuite hostname="DESKTOP-ELO001E" failures="0" tests="1" name="collectionPrograms.Sum" time="0.014" errors="0" timestamp="2023-10-19T09:50:34 IST" skipped="0">
  <testcase classname="collectionPrograms.Sum" name="st1" time="0.014"/>
  <system-out/>
</testsuite> <!-- collectionPrograms.Sum -->
