<?xml version="1.0" encoding="UTF-8"?>
<!-- Generated by org.testng.reporters.JUnitReportReporter -->
<testsuite hostname="DESKTOP-ELO001E" failures="0" tests="1" name="collectionPrograms.BasicPrograms" time="0.012" errors="0" timestamp="2023-12-04T21:35:49 IST" skipped="0">
  <testcase classname="collectionPrograms.BasicPrograms" name="primeNumber" time="0.012"/>
  <system-out/>
</testsuite> <!-- collectionPrograms.BasicPrograms -->
