<?xml version="1.0" encoding="UTF-8"?>
<!-- Generated by org.testng.reporters.JUnitReportReporter -->
<testsuite hostname="DESKTOP-ELO001E" failures="0" tests="1" name="collectionPrograms.Practice" time="0.015" errors="0" timestamp="2023-12-08T08:15:43 IST" skipped="0">
  <testcase classname="collectionPrograms.Practice" name="num" time="0.015"/>
  <system-out/>
</testsuite> <!-- collectionPrograms.Practice -->
