<?xml version="1.0" encoding="UTF-8"?>
<!-- Generated by org.testng.reporters.JUnitReportReporter -->
<testsuite hostname="DESKTOP-ELO001E" failures="0" tests="1" name="collectionPrograms.AddtionPrograms" time="0.016" errors="0" timestamp="2023-12-04T21:22:31 IST" skipped="0">
  <testcase classname="collectionPrograms.AddtionPrograms" name="countDuplicatsArray" time="0.016"/>
  <system-out/>
</testsuite> <!-- collectionPrograms.AddtionPrograms -->
