<?xml version="1.0" encoding="UTF-8"?>
<!-- Generated by org.testng.reporters.JUnitReportReporter -->
<testsuite hostname="DESKTOP-ELO001E" failures="0" tests="1" name="collectionPrograms.StringPrograms" time="0.017" errors="0" timestamp="2023-11-23T19:09:26 IST" skipped="0">
  <testcase classname="collectionPrograms.StringPrograms" name="countNoOfVowelsInStringWithDuplicates" time="0.017"/>
  <system-out/>
</testsuite> <!-- collectionPrograms.StringPrograms -->
