<?xml version="1.0" encoding="UTF-8"?>
<!-- Generated by org.testng.reporters.JUnitReportReporter -->
<testsuite hostname="DESKTOP-ELO001E" failures="0" tests="1" name="collectionPrograms.AscOrder" time="0.019" errors="0" timestamp="2023-10-23T19:38:15 IST" skipped="0">
  <testcase classname="collectionPrograms.AscOrder" name="sortArrayAscOrderMethod" time="0.019"/>
  <system-out/>
</testsuite> <!-- collectionPrograms.AscOrder -->
