<?xml version="1.0" encoding="UTF-8"?>
<!-- Generated by org.testng.reporters.JUnitReportReporter -->
<testsuite hostname="DESKTOP-ELO001E" failures="0" tests="1" name="collectionPrograms.SwapNumbers" time="0.017" errors="0" timestamp="2023-11-04T06:58:32 IST" skipped="0">
  <testcase classname="collectionPrograms.SwapNumbers" name="array" time="0.017"/>
  <system-out/>
</testsuite> <!-- collectionPrograms.SwapNumbers -->
