<?xml version="1.0" encoding="UTF-8"?>
<!-- Generated by org.testng.reporters.JUnitReportReporter -->
<testsuite hostname="DESKTOP-ELO001E" failures="0" tests="1" name="collectionPrograms.PatternProgram" time="0.015" errors="0" timestamp="2023-11-30T22:12:19 IST" skipped="0">
  <testcase classname="collectionPrograms.PatternProgram" name="pattern3" time="0.015"/>
  <system-out/>
</testsuite> <!-- collectionPrograms.PatternProgram -->
