<?xml version="1.0" encoding="UTF-8"?>
<!-- Generated by org.testng.reporters.JUnitReportReporter -->
<testsuite hostname="DESKTOP-ELO001E" failures="0" tests="1" name="collectionPrograms.StringProgram" time="0.018" errors="0" timestamp="2023-12-08T08:04:49 IST" skipped="0">
  <testcase classname="collectionPrograms.StringProgram" name="occuranceUsingMap" time="0.018"/>
  <system-out/>
</testsuite> <!-- collectionPrograms.StringProgram -->
