<?xml version="1.0" encoding="UTF-8"?>
<!-- Generated by org.testng.reporters.JUnitReportReporter -->
<testsuite hostname="DESKTOP-ELO001E" failures="0" tests="1" name="collectionPrograms.OccuranceString" time="0.029" errors="0" timestamp="2023-08-29T10:26:18 IST" skipped="0">
  <testcase classname="collectionPrograms.OccuranceString" name="printMinLengthValueInString" time="0.029"/>
  <system-out/>
</testsuite> <!-- collectionPrograms.OccuranceString -->
