<?xml version="1.0" encoding="UTF-8"?>
<!-- Generated by org.testng.reporters.JUnitReportReporter -->
<testsuite hostname="DESKTOP-ELO001E" failures="0" tests="3" name="collectionPrograms.AddtionPrograms" time="0.020" errors="0" timestamp="2023-08-24T14:45:56 IST" skipped="0">
  <testcase classname="collectionPrograms.AddtionPrograms" name="countDuplicatsArrayMap" time="0.016"/>
  <system-out/>
  <testcase classname="collectionPrograms.AddtionPrograms" name="countTheDupilcates" time="0.003"/>
  <system-out/>
  <testcase classname="collectionPrograms.AddtionPrograms" name="countDuplicatsArray" time="0.001"/>
  <system-out/>
</testsuite> <!-- collectionPrograms.AddtionPrograms -->
