<?xml version="1.0" encoding="UTF-8"?>
<!-- Generated by org.testng.reporters.JUnitReportReporter -->
<testsuite hostname="DESKTOP-ELO001E" failures="0" tests="13" name="collectionPrograms.SwapNumbers" time="0.144" errors="0" timestamp="2023-08-24T08:50:44 IST" skipped="0">
  <testcase classname="collectionPrograms.SwapNumbers" name="sortArrayDescOrderMethod" time="0.009"/>
  <system-out/>
  <testcase classname="collectionPrograms.SwapNumbers" name="printArrayMaxNumMethod" time="0.001"/>
  <system-out/>
  <testcase classname="collectionPrograms.SwapNumbers" name="sumOf1stThreeMinNum" time="0.008"/>
  <system-out/>
  <testcase classname="collectionPrograms.SwapNumbers" name="firstMaxNumArray" time="0.005"/>
  <system-out/>
  <testcase classname="collectionPrograms.SwapNumbers" name="firstMinNumArray" time="0.002"/>
  <system-out/>
  <testcase classname="collectionPrograms.SwapNumbers" name="sumOf1stThreeMaxNum" time="0.013"/>
  <system-out/>
  <testcase classname="collectionPrograms.SwapNumbers" name="multipleOf1stThreeMinNum" time="0.016"/>
  <system-out/>
  <testcase classname="collectionPrograms.SwapNumbers" name="swapWithoutVariable" time="0.036"/>
  <system-out/>
  <testcase classname="collectionPrograms.SwapNumbers" name="sortArrayAscOrderMethod" time="0.018"/>
  <system-out/>
  <testcase classname="collectionPrograms.SwapNumbers" name="swapWithVariables" time="0.005"/>
  <system-out/>
  <testcase classname="collectionPrograms.SwapNumbers" name="combinationOfTwoNumbers" time="0.017"/>
  <system-out/>
  <testcase classname="collectionPrograms.SwapNumbers" name="sortArrayAscOrder" time="0.004"/>
  <system-out/>
  <testcase classname="collectionPrograms.SwapNumbers" name="printArrayMinNumMethod" time="0.010"/>
  <system-out/>
</testsuite> <!-- collectionPrograms.SwapNumbers -->
