<?xml version="1.0" encoding="UTF-8"?>
<!-- Generated by org.testng.reporters.JUnitReportReporter -->
<testsuite hostname="DESKTOP-ELO001E" failures="0" tests="6" name="collectionPrograms.AscOrder" time="0.036" errors="0" timestamp="2023-08-24T10:52:35 IST" skipped="0">
  <testcase classname="collectionPrograms.AscOrder" name="firstMinNumArray1" time="0.005"/>
  <system-out/>
  <testcase classname="collectionPrograms.AscOrder" name="sortArrayAscOrderMethod" time="0.007"/>
  <system-out/>
  <testcase classname="collectionPrograms.AscOrder" name="firstMinNumArray" time="0.003"/>
  <system-out/>
  <testcase classname="collectionPrograms.AscOrder" name="firstMaxNumArray1" time="0.004"/>
  <system-out/>
  <testcase classname="collectionPrograms.AscOrder" name="multipleOf1stThreeMaxNum" time="0.002"/>
  <system-out/>
  <testcase classname="collectionPrograms.AscOrder" name="appendin0sAtLast" time="0.015"/>
  <system-out/>
</testsuite> <!-- collectionPrograms.AscOrder -->
