<?xml version="1.0" encoding="UTF-8"?>
<!-- Generated by org.testng.reporters.JUnitReportReporter -->
<testsuite hostname="laptop" failures="0" tests="1" name="reqresWithBdd.CreateWithMap" time="4.556" errors="0" timestamp="2023-09-14T10:19:38 IST" skipped="0">
  <testcase classname="reqresWithBdd.CreateWithMap" name="post" time="4.556"/>
  <system-out/>
</testsuite> <!-- reqresWithBdd.CreateWithMap -->
