<?xml version="1.0" encoding="UTF-8"?>
<!-- Generated by org.testng.reporters.JUnitReportReporter -->
<testsuite hostname="DESKTOP-ELO001E" failures="0" tests="1" name="scripts.ThreeTierUpdate" time="17.032" errors="0" timestamp="2023-09-22T11:26:47 IST" skipped="0">
  <testcase classname="scripts.ThreeTierUpdate" name="update" time="17.032"/>
  <system-out/>
</testsuite> <!-- scripts.ThreeTierUpdate -->
