<?xml version="1.0" encoding="UTF-8"?>
<!-- Generated by org.testng.reporters.JUnitReportReporter -->
<testsuite hostname="laptop" failures="0" tests="1" name="staticandDynamicUsingReqres.DynamicResponse" time="0.011" errors="0" timestamp="2023-09-14T17:47:26 IST" skipped="0">
  <testcase classname="staticandDynamicUsingReqres.DynamicResponse" name="gett" time="0.011"/>
  <system-out/>
</testsuite> <!-- staticandDynamicUsingReqres.DynamicResponse -->
