<?xml version="1.0" encoding="UTF-8"?>
<!-- Generated by org.testng.reporters.JUnitReportReporter -->
<testsuite hostname="DESKTOP-ELO001E" failures="0" tests="1" name="crudWithBdd.CreateResource" time="8.389" errors="0" timestamp="2023-09-19T14:51:03 IST" skipped="0">
  <testcase classname="crudWithBdd.CreateResource" name="post" time="8.389"/>
  <system-out/>
</testsuite> <!-- crudWithBdd.CreateResource -->
