<?xml version="1.0" encoding="UTF-8"?>
<!-- Generated by org.testng.reporters.JUnitReportReporter -->
<testsuite hostname="laptop" failures="0" tests="1" name="staticandDynamic.DynamicResponse" time="14.012" errors="0" timestamp="2023-09-14T13:17:22 IST" skipped="0">
  <testcase classname="staticandDynamic.DynamicResponse" name="get" time="14.012"/>
  <system-out/>
</testsuite> <!-- staticandDynamic.DynamicResponse -->
