<?xml version="1.0" encoding="UTF-8"?>
<!-- Generated by org.testng.reporters.JUnitReportReporter -->
<testsuite hostname="DESKTOP-ELO001E" failures="0" tests="1" name="ComplexDatas" time="0.486" errors="0" timestamp="2023-09-19T14:48:18 IST" skipped="0">
  <testcase classname="ComplexDatas" name="complex" time="0.486"/>
  <system-out/>
</testsuite> <!-- ComplexDatas -->
