<?xml version="1.0" encoding="UTF-8"?>
<!-- Generated by org.testng.reporters.JUnitReportReporter -->
<testsuite hostname="laptop" failures="0" tests="1" name="Authentication.BasicAuth" time="2.265" errors="0" timestamp="2023-09-15T12:22:36 IST" skipped="0">
  <testcase classname="Authentication.BasicAuth" name="preemptAuth" time="2.265"/>
  <system-out/>
</testsuite> <!-- Authentication.BasicAuth -->
