<?xml version="1.0" encoding="UTF-8"?>
<!-- Generated by org.testng.reporters.JUnitReportReporter -->
<testsuite hostname="DESKTOP-ELO001E" failures="0" tests="1" name="TwoTier" time="4.641" errors="0" timestamp="2023-09-20T16:07:52 IST" skipped="0">
  <testcase classname="TwoTier" name="createProj" time="4.641"/>
  <system-out/>
</testsuite> <!-- TwoTier -->
