<?xml version="1.0" encoding="UTF-8"?>
<!-- Generated by org.testng.reporters.JUnitReportReporter -->
<testsuite hostname="DESKTOP-ELO001E" failures="0" tests="1" name="schema.SchemaValidation" time="11.196" errors="0" timestamp="2023-09-19T15:37:40 IST" skipped="0">
  <testcase classname="schema.SchemaValidation" name="schema" time="11.196"/>
  <system-out/>
</testsuite> <!-- schema.SchemaValidation -->
