<?xml version="1.0" encoding="UTF-8"?>
<!-- Generated by org.testng.reporters.JUnitReportReporter -->
<testsuite hostname="laptop" failures="0" tests="1" name="Authentication.Oauth2" time="4.660" errors="0" timestamp="2023-09-15T17:41:16 IST" skipped="0">
  <testcase classname="Authentication.Oauth2" name="oauthAuth4" time="4.660"/>
  <system-out/>
</testsuite> <!-- Authentication.Oauth2 -->
