<?xml version="1.0" encoding="UTF-8"?>
<!-- Generated by org.testng.reporters.JUnitReportReporter -->
<testsuite hostname="laptop" failures="0" tests="1" name="reqres.DeleteResource" time="3.123" errors="0" timestamp="2023-09-13T12:56:25 IST" skipped="0">
  <testcase classname="reqres.DeleteResource" name="get" time="3.123"/>
  <system-out/>
</testsuite> <!-- reqres.DeleteResource -->
