<?xml version="1.0" encoding="UTF-8"?>
<!-- Generated by org.testng.reporters.JUnitReportReporter -->
<testsuite hostname="laptop" failures="0" tests="1" name="crudWithoutBdd.Update" time="2.602" errors="0" timestamp="2023-09-13T12:34:01 IST" skipped="0">
  <testcase classname="crudWithoutBdd.Update" name="put" time="2.602"/>
  <system-out/>
</testsuite> <!-- crudWithoutBdd.Update -->
