<?xml version="1.0" encoding="UTF-8"?>
<!-- Generated by org.testng.reporters.JUnitReportReporter -->
<testsuite hostname="laptop" failures="0" tests="1" name="reqres.Update" time="3.692" errors="0" timestamp="2023-09-13T13:00:27 IST" skipped="0">
  <testcase classname="reqres.Update" name="put" time="3.692"/>
  <system-out/>
</testsuite> <!-- reqres.Update -->
