<?xml version="1.0" encoding="UTF-8"?>
<!-- Generated by org.testng.reporters.JUnitReportReporter -->
<testsuite hostname="laptop" failures="0" tests="1" name="reqres.createResource" time="4.516" errors="0" timestamp="2023-09-13T13:03:20 IST" skipped="0">
  <testcase classname="reqres.createResource" name="post" time="4.516"/>
  <system-out/>
</testsuite> <!-- reqres.createResource -->
