<?xml version="1.0" encoding="UTF-8"?>
<!-- Generated by org.testng.reporters.JUnitReportReporter -->
<testsuite hostname="DESKTOP-ELO001E" failures="0" tests="1" name="ThreeTier" time="3.727" errors="0" timestamp="2023-09-21T17:35:31 IST" skipped="0">
  <testcase classname="ThreeTier" name="validate" time="3.727"/>
  <system-out/>
</testsuite> <!-- ThreeTier -->
