<?xml version="1.0" encoding="UTF-8"?>
<!-- Generated by org.testng.reporters.JUnitReportReporter -->
<testsuite hostname="laptop" failures="0" tests="1" name="staticandDynamic.StaticResponseBody" time="14.724" errors="0" timestamp="2023-09-14T13:19:39 IST" skipped="0">
  <testcase classname="staticandDynamic.StaticResponseBody" name="get" time="14.724"/>
  <system-out/>
</testsuite> <!-- staticandDynamic.StaticResponseBody -->
