<?xml version="1.0" encoding="UTF-8"?>
<!-- Generated by org.testng.reporters.JUnitReportReporter -->
<testsuite hostname="laptop" failures="0" tests="3" name="ddt.DDT" time="3.165" errors="0" timestamp="2023-09-15T16:59:04 IST" skipped="0">
  <testcase classname="ddt.DDT" name="pojodata" time="2.787"/>
  <system-out/>
  <testcase classname="ddt.DDT" name="pojodata" time="0.157"/>
  <system-out/>
  <testcase classname="ddt.DDT" name="pojodata" time="0.221"/>
  <system-out/>
</testsuite> <!-- ddt.DDT -->
