<?xml version="1.0" encoding="UTF-8"?>
<!-- Generated by org.testng.reporters.JUnitReportReporter -->
<testsuite hostname="laptop" failures="0" tests="1" name="staticandDynamicUsingReqres.StaticResponseBody" time="3.780" errors="0" timestamp="2023-09-14T16:23:10 IST" skipped="0">
  <testcase classname="staticandDynamicUsingReqres.StaticResponseBody" name="get" time="3.780"/>
  <system-out/>
</testsuite> <!-- staticandDynamicUsingReqres.StaticResponseBody -->
