<?xml version="1.0" encoding="UTF-8"?>
<!-- Generated by org.testng.reporters.JUnitReportReporter -->
<testsuite hostname="laptop" failures="0" tests="1" name="reqresWithBdd.CreateWithPojo" time="4.652" errors="0" timestamp="2023-09-14T12:14:17 IST" skipped="0">
  <testcase classname="reqresWithBdd.CreateWithPojo" name="post" time="4.652"/>
  <system-out/>
</testsuite> <!-- reqresWithBdd.CreateWithPojo -->
