<?xml version="1.0" encoding="UTF-8"?>
<!-- Generated by org.testng.reporters.JUnitReportReporter -->
<testsuite hostname="laptop" failures="0" tests="1" name="crudWithBdd.Update" time="4.669" errors="0" timestamp="2023-09-13T15:46:18 IST" skipped="0">
  <testcase classname="crudWithBdd.Update" name="post" time="4.669"/>
  <system-out/>
</testsuite> <!-- crudWithBdd.Update -->
