<?xml version="1.0" encoding="UTF-8"?>
<!-- Generated by org.testng.reporters.JUnitReportReporter -->
<testsuite hostname="laptop" failures="0" tests="1" name="reqresWithBdd.Delete" time="3.890" errors="0" timestamp="2023-09-13T16:25:28 IST" skipped="0">
  <testcase classname="reqresWithBdd.Delete" name="delete" time="3.890"/>
  <system-out/>
</testsuite> <!-- reqresWithBdd.Delete -->
