<?xml version="1.0" encoding="UTF-8"?>
<!-- Generated by org.testng.reporters.JUnitReportReporter -->
<testsuite hostname="laptop" failures="0" tests="1" name="crudWithoutBdd.Delete" time="2.219" errors="0" timestamp="2023-09-13T12:32:53 IST" skipped="0">
  <testcase classname="crudWithoutBdd.Delete" name="get" time="2.219"/>
  <system-out/>
</testsuite> <!-- crudWithoutBdd.Delete -->
