<?xml version="1.0" encoding="UTF-8"?>
<!-- Generated by org.testng.reporters.JUnitReportReporter -->
<testsuite hostname="laptop" failures="0" tests="1" name="reqresWithBdd.getAll" time="2.768" errors="0" timestamp="2023-09-14T13:23:26 IST" skipped="0">
  <testcase classname="reqresWithBdd.getAll" name="post" time="2.768"/>
  <system-out/>
</testsuite> <!-- reqresWithBdd.getAll -->
