<?xml version="1.0" encoding="UTF-8"?>
<!-- Generated by org.testng.reporters.JUnitReportReporter -->
<testsuite hostname="DESKTOP-ELO001E" failures="0" tests="1" name="ComplexData" time="0.418" errors="0" timestamp="2023-09-19T12:24:01 IST" skipped="0">
  <testcase classname="ComplexData" name="simpleData" time="0.418"/>
  <system-out/>
</testsuite> <!-- ComplexData -->
