<?xml version="1.0" encoding="UTF-8"?>
<!-- Generated by org.testng.reporters.JUnitReportReporter -->
<testsuite hostname="DESKTOP-ELO001E" failures="0" tests="1" name="Serializa" time="0.350" errors="0" timestamp="2023-09-19T14:54:05 IST" skipped="0">
  <testcase classname="Serializa" name="serial" time="0.350"/>
  <system-out/>
</testsuite> <!-- Serializa -->
