<?xml version="1.0" encoding="UTF-8"?>
<!-- Generated by org.testng.reporters.JUnitReportReporter -->
<testsuite hostname="laptop" failures="0" tests="1" name="Authentication.Oauth" time="3.446" errors="0" timestamp="2023-09-15T13:05:15 IST" skipped="0">
  <testcase classname="Authentication.Oauth" name="oauthAuth" time="3.446"/>
  <system-out/>
</testsuite> <!-- Authentication.Oauth -->
