<?xml version="1.0" encoding="UTF-8"?>
<!-- Generated by org.testng.reporters.JUnitReportReporter -->
<testsuite hostname="laptop" failures="0" tests="1" name="requestchaning.Paramater" time="3.091" errors="0" timestamp="2023-09-14T15:42:08 IST" skipped="0">
  <testcase classname="requestchaning.Paramater" name="query" time="3.091"/>
  <system-out/>
</testsuite> <!-- requestchaning.Paramater -->
