<?xml version="1.0" encoding="UTF-8"?>
<!-- Generated by org.testng.reporters.JUnitReportReporter -->
<testsuite hostname="DESKTOP-ELO001E" failures="0" tests="1" name="crudWithBdd.get" time="7.361" errors="0" timestamp="2023-09-19T15:57:17 IST" skipped="0">
  <testcase classname="crudWithBdd.get" name="get" time="7.361"/>
  <system-out/>
</testsuite> <!-- crudWithBdd.get -->
