<?xml version="1.0" encoding="UTF-8"?>
<!-- Generated by org.testng.reporters.JUnitReportReporter -->
<testsuite hostname="DESKTOP-ELO001E" failures="0" tests="1" name="crudWithoutBdd.CreateProject" time="4.420" errors="0" timestamp="2023-09-19T11:23:30 IST" skipped="0">
  <testcase classname="crudWithoutBdd.CreateProject" name="post" time="4.420"/>
  <system-out/>
</testsuite> <!-- crudWithoutBdd.CreateProject -->
