<?xml version="1.0" encoding="UTF-8"?>
<!-- Generated by org.testng.reporters.JUnitReportReporter -->
<testsuite hostname="laptop" failures="0" tests="1" name="restfull.R1" time="0.013" errors="0" timestamp="2023-09-13T10:48:54 IST" skipped="0">
  <testcase classname="restfull.R1" name="a" time="0.013"/>
  <system-out/>
</testsuite> <!-- restfull.R1 -->
