<?xml version="1.0" encoding="UTF-8"?>
<!-- Generated by org.testng.reporters.JUnitReportReporter -->
<testsuite hostname="DESKTOP-ELO001E" failures="0" tests="1" name="crudWithBdd.getAll" time="3.330" errors="0" timestamp="2023-09-19T16:02:40 IST" skipped="0">
  <testcase classname="crudWithBdd.getAll" name="get" time="3.330"/>
  <system-out/>
</testsuite> <!-- crudWithBdd.getAll -->
