<?xml version="1.0" encoding="UTF-8"?>
<!-- Generated by org.testng.reporters.JUnitReportReporter -->
<testsuite hostname="laptop" failures="0" tests="1" name="requestchaning.ReqChain" time="3.631" errors="0" timestamp="2023-09-14T16:03:03 IST" skipped="0">
  <testcase classname="requestchaning.ReqChain" name="post" time="3.631"/>
  <system-out/>
</testsuite> <!-- requestchaning.ReqChain -->
