<?xml version="1.0" encoding="UTF-8"?>
<!-- Generated by org.testng.reporters.JUnitReportReporter -->
<testsuite hostname="laptop" failures="0" tests="1" name="reqresWithBdd.CreateWithFile" time="3.212" errors="0" timestamp="2023-09-14T12:18:04 IST" skipped="0">
  <testcase classname="reqresWithBdd.CreateWithFile" name="post" time="3.212"/>
  <system-out/>
</testsuite> <!-- reqresWithBdd.CreateWithFile -->
